\BOOKMARK [0][-]{figure.caption.1}{\376\377\000D\000A\000F\000T\000A\000R\000\040\000G\000A\000M\000B\000A\000R}{}% 1
\BOOKMARK [0][-]{figure.caption.1}{\376\377\000D\000A\000F\000T\000A\000R\000\040\000T\000A\000B\000E\000L}{}% 2
\BOOKMARK [0][-]{chapter*.2}{\376\377\000=\000D\000A\000F\000T\000A\000R\000\040\000K\000O\000D\000E}{}% 3
\BOOKMARK [0][-]{chapter.1}{\376\377\000P\000E\000N\000D\000A\000H\000U\000L\000U\000A\000N}{}% 4
\BOOKMARK [1][-]{section.1.1}{\376\377\000L\000a\000t\000a\000r\000\040\000B\000e\000l\000a\000k\000a\000n\000g}{chapter.1}% 5
\BOOKMARK [1][-]{section.1.2}{\376\377\000R\000u\000m\000u\000s\000a\000n\000\040\000M\000a\000s\000a\000l\000a\000h}{chapter.1}% 6
\BOOKMARK [1][-]{section.1.3}{\376\377\000T\000u\000j\000u\000a\000n}{chapter.1}% 7
\BOOKMARK [1][-]{section.1.4}{\376\377\000B\000a\000t\000a\000s\000a\000n\000\040\000M\000a\000s\000a\000l\000a\000h}{chapter.1}% 8
\BOOKMARK [1][-]{section.1.5}{\376\377\000M\000e\000t\000o\000d\000o\000l\000o\000g\000i}{chapter.1}% 9
\BOOKMARK [0][-]{chapter.2}{\376\377\000S\000T\000U\000D\000I\000\040\000L\000I\000T\000E\000R\000A\000T\000U\000R}{}% 10
\BOOKMARK [1][-]{section.2.1}{\376\377\000P\000e\000n\000u\000l\000i\000s\000a\000n\000\040\000G\000a\000m\000b\000a\000r\000,\000\040\000T\000a\000b\000e\000l\000,\000\040\000R\000u\000m\000u\000s\000,\000\040\000d\000a\000n\000\040\000K\000o\000d\000e}{chapter.2}% 11
\BOOKMARK [2][-]{subsection.2.1.1}{\376\377\000G\000a\000m\000b\000a\000r}{section.2.1}% 12
\BOOKMARK [2][-]{subsection.2.1.2}{\376\377\000T\000a\000b\000e\000l}{section.2.1}% 13
\BOOKMARK [3][-]{subsubsection.2.1.2.1}{\376\377\000T\000a\000b\000e\000l\000\040\000y\000a\000n\000g\000\040\000M\000u\000a\000t\000\040\000d\000a\000l\000a\000m\000\040\000S\000a\000t\000u\000\040\000H\000a\000l\000a\000m\000a\000n}{subsection.2.1.2}% 14
\BOOKMARK [3][-]{subsubsection.2.1.2.2}{\376\377\000M\000e\000n\000g\000i\000m\000p\000o\000r\000\040\000T\000a\000b\000e\000l\000\040\000d\000a\000r\000i\000\040\000B\000e\000r\000k\000a\000s\000\040\000E\000k\000s\000t\000e\000r\000n\000a\000l}{subsection.2.1.2}% 15
\BOOKMARK [3][-]{subsubsection.2.1.2.3}{\376\377\000T\000a\000b\000e\000l\000\040\000y\000a\000n\000g\000\040\000S\000a\000n\000g\000a\000t\000\040\000P\000a\000n\000j\000a\000n\000g}{subsection.2.1.2}% 16
\BOOKMARK [3][-]{subsubsection.2.1.2.4}{\376\377\000B\000e\000b\000e\000r\000a\000p\000a\000\040\000C\000o\000n\000t\000o\000h\000\040\000P\000e\000n\000u\000l\000i\000s\000a\000n\000\040\000R\000u\000m\000u\000s\000\040\000a\000t\000a\000u\000\040\000P\000e\000r\000s\000a\000m\000a\000a\000n\000\040\000M\000a\000t\000e\000m\000a\000t\000i\000k\000a\000\040\000M\000e\000n\000g\000g\000u\000n\000a\000k\000a\000n\000\040\000L\000a\000T\000e\000X\000\040\000T\000e\000r\000m\000a\000s\000u\000k\000\040\000P\000e\000n\000o\000m\000o\000r\000a\000n\000n\000y\000a}{subsection.2.1.2}% 17
\BOOKMARK [2][-]{subsection.2.1.3}{\376\377\000A\000l\000g\000o\000r\000i\000t\000m\000a\000,\000\040\000P\000s\000e\000u\000d\000o\000c\000o\000d\000e\000,\000\040\000a\000t\000a\000u\000\040\000K\000o\000d\000e}{section.2.1}% 18
\BOOKMARK [1][-]{section.2.2}{\376\377\000B\000e\000b\000e\000r\000a\000p\000a\000\040\000K\000e\000s\000a\000l\000a\000h\000a\000n\000\040\000P\000e\000n\000u\000l\000i\000s\000a\000n\000\040\000y\000a\000n\000g\000\040\000S\000e\000r\000i\000n\000g\000\040\000T\000e\000r\000j\000a\000d\000i}{chapter.2}% 19
\BOOKMARK [2][-]{subsection.2.2.1}{\376\377\000P\000e\000n\000g\000g\000u\000n\000a\000a\000n\000\040\000K\000a\000t\000a\000\040\000"\000d\000i\000\040\000m\000a\000n\000a\000"\000\040\000a\000t\000a\000u\000\040\000"\000d\000i\000m\000a\000n\000a\000"}{section.2.2}% 20
\BOOKMARK [2][-]{subsection.2.2.2}{\376\377\000P\000e\000n\000g\000g\000u\000n\000a\000a\000n\000\040\000K\000a\000t\000a\000\040\000"\000s\000e\000d\000a\000n\000g\000k\000a\000n\000"\000\040\000d\000a\000n\000\040\000"\000s\000e\000h\000i\000n\000g\000g\000a\000"}{section.2.2}% 21
\BOOKMARK [2][-]{subsection.2.2.3}{\376\377\000P\000e\000n\000g\000g\000u\000n\000a\000a\000n\